2022-04-28T10:07:31.6873639 500 : [{"timestamp":"2022-04-28T16:07:31.659+00:00","status":500,"error":"Internal Server Error","message":"Failed to evaluate expression 'IsAuthenticated()'","path":"/account/user"}]
2022-04-28T10:07:34.6520777 500 : [{"timestamp":"2022-04-28T16:07:34.650+00:00","status":500,"error":"Internal Server Error","message":"Failed to evaluate expression 'IsAuthenticated()'","path":"/transfer/user/1001"}]
2022-04-28T10:07:34.6850757 500 : [{"timestamp":"2022-04-28T16:07:34.683+00:00","status":500,"error":"Internal Server Error","message":"Failed to evaluate expression 'IsAuthenticated()'","path":"/transfer/1"}]
2022-04-28T10:08:08.6315257 500 : [{"timestamp":"2022-04-28T16:08:08.629+00:00","status":500,"error":"Internal Server Error","message":"Failed to evaluate expression 'IsAuthenticated()'","path":"/transfer/user/1001"}]
2022-04-28T10:08:08.6465297 500 : [{"timestamp":"2022-04-28T16:08:08.644+00:00","status":500,"error":"Internal Server Error","message":"Failed to evaluate expression 'IsAuthenticated()'","path":"/transfer/1"}]
2022-04-28T10:08:14.4660298 500 : [{"timestamp":"2022-04-28T16:08:14.464+00:00","status":500,"error":"Internal Server Error","message":"Failed to evaluate expression 'IsAuthenticated()'","path":"/transfer/user/1001"}]
2022-04-28T10:08:14.4830288 500 : [{"timestamp":"2022-04-28T16:08:14.482+00:00","status":500,"error":"Internal Server Error","message":"Failed to evaluate expression 'IsAuthenticated()'","path":"/transfer/1"}]
2022-04-28T10:08:22.3428912 500 : [{"timestamp":"2022-04-28T16:08:22.341+00:00","status":500,"error":"Internal Server Error","message":"Failed to evaluate expression 'IsAuthenticated()'","path":"/account/user"}]
2022-04-28T10:18:38.8188497 405 : [{"timestamp":"2022-04-28T16:18:38.767+00:00","status":405,"error":"Method Not Allowed","message":"Request method 'POST' not supported","path":"/transfer/3"}]
2022-04-28T10:18:41.9382974 405 : [{"timestamp":"2022-04-28T16:18:41.935+00:00","status":405,"error":"Method Not Allowed","message":"Request method 'POST' not supported","path":"/transfer/4"}]
2022-04-28T10:50:43.7427707 405 : [{"timestamp":"2022-04-28T16:50:43.709+00:00","status":405,"error":"Method Not Allowed","message":"Request method 'POST' not supported","path":"/transfer/3"}]
2022-04-28T11:00:38.2672681 415 : [{"timestamp":"2022-04-28T17:00:38.209+00:00","status":415,"error":"Unsupported Media Type","message":"Content type 'application/x-www-form-urlencoded;charset=UTF-8' not supported","path":"/transfer/"}]
2022-04-28T11:05:12.0802228 415 : [{"timestamp":"2022-04-28T17:05:12.055+00:00","status":415,"error":"Unsupported Media Type","message":"Content type 'application/x-www-form-urlencoded;charset=UTF-8' not supported","path":"/transfer/"}]
2022-04-28T11:05:28.5249556 415 : [{"timestamp":"2022-04-28T17:05:28.523+00:00","status":415,"error":"Unsupported Media Type","message":"Content type 'application/x-www-form-urlencoded;charset=UTF-8' not supported","path":"/transfer/"}]
2022-04-28T11:05:30.5590227 415 : [{"timestamp":"2022-04-28T17:05:30.557+00:00","status":415,"error":"Unsupported Media Type","message":"Content type 'application/x-www-form-urlencoded;charset=UTF-8' not supported","path":"/transfer/"}]
2022-04-28T11:11:51.8957473 500 : [{"timestamp":"2022-04-28T17:11:51.871+00:00","status":500,"error":"Internal Server Error","message":"No message available","path":"/transfer/"}]
2022-04-28T11:12:03.4261777 500 : [{"timestamp":"2022-04-28T17:12:03.421+00:00","status":500,"error":"Internal Server Error","message":"No message available","path":"/transfer/"}]
2022-04-28T11:12:05.3994599 500 : [{"timestamp":"2022-04-28T17:12:05.397+00:00","status":500,"error":"Internal Server Error","message":"No message available","path":"/transfer/"}]
2022-04-28T11:19:41.9545688 500 : [{"timestamp":"2022-04-28T17:19:41.881+00:00","status":500,"error":"Internal Server Error","message":"No message available","path":"/transfer/"}]
2022-04-28T11:24:56.718799 500 : [{"timestamp":"2022-04-28T17:24:56.661+00:00","status":500,"error":"Internal Server Error","message":"No message available","path":"/transfer/"}]
2022-04-28T11:25:08.6425179 500 : [{"timestamp":"2022-04-28T17:25:08.641+00:00","status":500,"error":"Internal Server Error","message":"No message available","path":"/transfer/"}]
2022-04-28T11:26:45.8192854 500 : [{"timestamp":"2022-04-28T17:26:45.780+00:00","status":500,"error":"Internal Server Error","message":"No message available","path":"/transfer/"}]
2022-04-28T11:32:35.2673588 500 : [{"timestamp":"2022-04-28T17:32:35.148+00:00","status":500,"error":"Internal Server Error","message":"No message available","path":"/transfer/"}]
2022-04-28T17:35:52.4858678 500 : [{"timestamp":"2022-04-28T23:35:52.447+00:00","status":500,"error":"Internal Server Error","message":"Missing URI template variable 'accountId' for method parameter of type Long","path":"/account/balance"}]
2022-04-28T17:39:10.6919637 500 : [{"timestamp":"2022-04-28T23:39:10.666+00:00","status":500,"error":"Internal Server Error","message":"Missing URI template variable 'accountId' for method parameter of type Long","path":"/account/balance"}]
2022-04-28T17:39:42.8157996 500 : [{"timestamp":"2022-04-28T23:39:42.789+00:00","status":500,"error":"Internal Server Error","message":"Missing URI template variable 'accountId' for method parameter of type Long","path":"/account/balance"}]
2022-04-28T17:42:23.1686884 Error while extracting response for type [class com.techelevator.tenmo.model.Account] and content type [application/json]; nested exception is org.springframework.http.converter.HttpMessageNotReadableException: JSON parse error: Cannot construct instance of `com.techelevator.tenmo.model.Account` (although at least one Creator exists): no double/Double-argument constructor/factory method to deserialize from Number value (950.0); nested exception is com.fasterxml.jackson.databind.exc.MismatchedInputException: Cannot construct instance of `com.techelevator.tenmo.model.Account` (although at least one Creator exists): no double/Double-argument constructor/factory method to deserialize from Number value (950.0)
 at [Source: (PushbackInputStream); line: 1, column: 1]
