2022-04-27T13:14:55.4376726 500 : [{"timestamp":"2022-04-27T19:14:55.413+00:00","status":500,"error":"Internal Server Error","message":"Failed to evaluate expression 'IsAuthenticated()'","path":"/account/user/"}]
2022-04-27T13:14:55.4606728 500 : [{"timestamp":"2022-04-27T19:14:55.459+00:00","status":500,"error":"Internal Server Error","message":"Missing URI template variable 'id' for method parameter of type Long","path":"/account/balance/"}]
2022-04-27T13:15:51.7352098 500 : [{"timestamp":"2022-04-27T19:15:51.717+00:00","status":500,"error":"Internal Server Error","message":"Failed to evaluate expression 'IsAuthenticated()'","path":"/account/user/"}]
2022-04-27T13:15:51.753213 500 : [{"timestamp":"2022-04-27T19:15:51.752+00:00","status":500,"error":"Internal Server Error","message":"Missing URI template variable 'id' for method parameter of type Long","path":"/account/balance/"}]
2022-04-27T13:16:33.7202186 500 : [{"timestamp":"2022-04-27T19:16:33.703+00:00","status":500,"error":"Internal Server Error","message":"Failed to evaluate expression 'IsAuthenticated()'","path":"/account/user/"}]
2022-04-27T13:16:33.7372182 500 : [{"timestamp":"2022-04-27T19:16:33.735+00:00","status":500,"error":"Internal Server Error","message":"Missing URI template variable 'id' for method parameter of type Long","path":"/account/balance/"}]
2022-04-27T13:19:07.0619694 500 : [{"timestamp":"2022-04-27T19:19:07.046+00:00","status":500,"error":"Internal Server Error","message":"Failed to evaluate expression 'IsAuthenticated()'","path":"/account/user/"}]
2022-04-27T13:19:07.0799694 500 : [{"timestamp":"2022-04-27T19:19:07.078+00:00","status":500,"error":"Internal Server Error","message":"Missing URI template variable 'id' for method parameter of type Long","path":"/account/balance/"}]
2022-04-27T13:28:01.9903119 500 : [{"timestamp":"2022-04-27T19:28:01.936+00:00","status":500,"error":"Internal Server Error","message":"Failed to evaluate expression 'IsAuthenticated()'","path":"/account/user/"}]
2022-04-27T13:28:02.012309 500 : [{"timestamp":"2022-04-27T19:28:02.011+00:00","status":500,"error":"Internal Server Error","message":"Missing URI template variable 'id' for method parameter of type Long","path":"/account/balance/"}]
2022-04-27T14:00:51.1380625 404 : [{"timestamp":"2022-04-27T20:00:51.056+00:00","status":404,"error":"Not Found","message":"No message available","path":"/account/user/"}]
2022-04-27T14:00:51.2196171 404 : [{"timestamp":"2022-04-27T20:00:51.217+00:00","status":404,"error":"Not Found","message":"No message available","path":"/account/balance/"}]
2022-04-27T14:23:10.3656297 404 : [{"timestamp":"2022-04-27T20:23:10.328+00:00","status":404,"error":"Not Found","message":"No message available","path":"/account/user/"}]
2022-04-27T14:23:10.39363 404 : [{"timestamp":"2022-04-27T20:23:10.391+00:00","status":404,"error":"Not Found","message":"No message available","path":"/account/balance/"}]
2022-04-27T14:28:11.5303382 400 : [{"timestamp":"2022-04-27T20:28:11.492+00:00","status":400,"error":"Bad Request","message":"User registration failed.","path":"/register"}]
2022-04-27T14:28:22.6989562 404 : [{"timestamp":"2022-04-27T20:28:22.688+00:00","status":404,"error":"Not Found","message":"No message available","path":"/account/user/"}]
2022-04-27T14:28:22.7371146 404 : [{"timestamp":"2022-04-27T20:28:22.734+00:00","status":404,"error":"Not Found","message":"No message available","path":"/account/balance/"}]
2022-04-27T14:40:18.5824768 Error while extracting response for type [class com.techelevator.tenmo.model.Account] and content type [application/json]; nested exception is org.springframework.http.converter.HttpMessageNotReadableException: JSON parse error: Cannot construct instance of `com.techelevator.tenmo.model.Account` (although at least one Creator exists): no double/Double-argument constructor/factory method to deserialize from Number value (1000.0); nested exception is com.fasterxml.jackson.databind.exc.MismatchedInputException: Cannot construct instance of `com.techelevator.tenmo.model.Account` (although at least one Creator exists): no double/Double-argument constructor/factory method to deserialize from Number value (1000.0)
 at [Source: (PushbackInputStream); line: 1, column: 1]
2022-04-27T14:41:10.9046762 Error while extracting response for type [class com.techelevator.tenmo.model.Account] and content type [application/json]; nested exception is org.springframework.http.converter.HttpMessageNotReadableException: JSON parse error: Cannot construct instance of `com.techelevator.tenmo.model.Account` (although at least one Creator exists): no double/Double-argument constructor/factory method to deserialize from Number value (1000.0); nested exception is com.fasterxml.jackson.databind.exc.MismatchedInputException: Cannot construct instance of `com.techelevator.tenmo.model.Account` (although at least one Creator exists): no double/Double-argument constructor/factory method to deserialize from Number value (1000.0)
 at [Source: (PushbackInputStream); line: 1, column: 1]
2022-04-27T14:44:33.5290447 Error while extracting response for type [class com.techelevator.tenmo.model.Account] and content type [application/json]; nested exception is org.springframework.http.converter.HttpMessageNotReadableException: JSON parse error: Cannot construct instance of `com.techelevator.tenmo.model.Account` (although at least one Creator exists): no double/Double-argument constructor/factory method to deserialize from Number value (1000.0); nested exception is com.fasterxml.jackson.databind.exc.MismatchedInputException: Cannot construct instance of `com.techelevator.tenmo.model.Account` (although at least one Creator exists): no double/Double-argument constructor/factory method to deserialize from Number value (1000.0)
 at [Source: (PushbackInputStream); line: 1, column: 1]
2022-04-27T14:44:53.509023 Error while extracting response for type [class com.techelevator.tenmo.model.Account] and content type [application/json]; nested exception is org.springframework.http.converter.HttpMessageNotReadableException: JSON parse error: Cannot construct instance of `com.techelevator.tenmo.model.Account` (although at least one Creator exists): no double/Double-argument constructor/factory method to deserialize from Number value (1000.0); nested exception is com.fasterxml.jackson.databind.exc.MismatchedInputException: Cannot construct instance of `com.techelevator.tenmo.model.Account` (although at least one Creator exists): no double/Double-argument constructor/factory method to deserialize from Number value (1000.0)
 at [Source: (PushbackInputStream); line: 1, column: 1]
2022-04-27T18:56:16.8949465 500 : [{"timestamp":"2022-04-28T00:56:16.858+00:00","status":500,"error":"Internal Server Error","message":"Failed to evaluate expression 'IsAuthenticated()'","path":"/account/balance/1001"}]
2022-04-27T18:57:52.0644026 500 : [{"timestamp":"2022-04-28T00:57:52.044+00:00","status":500,"error":"Internal Server Error","message":"Failed to evaluate expression 'IsAuthenticated()'","path":"/account/balance/1004"}]
2022-04-27T19:05:48.1176392 405 : [{"timestamp":"2022-04-28T01:05:48.082+00:00","status":405,"error":"Method Not Allowed","message":"Request method 'POST' not supported","path":"/transfer/3"}]
2022-04-27T19:05:55.070915 405 : [{"timestamp":"2022-04-28T01:05:55.069+00:00","status":405,"error":"Method Not Allowed","message":"Request method 'POST' not supported","path":"/transfer/4"}]
