2022-04-29T17:38:11.3043586 500 : [{"timestamp":"2022-04-29T23:38:11.276+00:00","status":500,"error":"Internal Server Error","message":"No message available","path":"/transfer/requests/pending"}]
2022-04-29T17:38:56.719017 500 : [{"timestamp":"2022-04-29T23:38:56.699+00:00","status":500,"error":"Internal Server Error","message":"No message available","path":"/transfer/requests/pending"}]
2022-04-29T17:41:16.7015749 500 : [{"timestamp":"2022-04-29T23:41:16.700+00:00","status":500,"error":"Internal Server Error","message":"No message available","path":"/transfer/requests/pending"}]
2022-04-29T17:41:51.1534769 500 : [{"timestamp":"2022-04-29T23:41:51.130+00:00","status":500,"error":"Internal Server Error","message":"No message available","path":"/transfer/requests/pending"}]
2022-04-29T17:46:50.9261899 500 : [{"timestamp":"2022-04-29T23:46:50.890+00:00","status":500,"error":"Internal Server Error","message":"No message available","path":"/transfer/requests/pending"}]
2022-04-29T17:47:28.8608847 500 : [{"timestamp":"2022-04-29T23:47:28.831+00:00","status":500,"error":"Internal Server Error","message":"No message available","path":"/transfer/requests/pending"}]
2022-04-29T17:48:05.0900585 500 : [{"timestamp":"2022-04-29T23:48:05.071+00:00","status":500,"error":"Internal Server Error","message":"No message available","path":"/transfer/requests/pending"}]
2022-04-29T17:49:07.7571865 500 : [{"timestamp":"2022-04-29T23:49:07.718+00:00","status":500,"error":"Internal Server Error","message":"No message available","path":"/transfer/requests/pending"}]
2022-04-29T17:49:28.9130616 500 : [{"timestamp":"2022-04-29T23:49:28.909+00:00","status":500,"error":"Internal Server Error","message":"No message available","path":"/transfer/requests/pending"}]
2022-04-29T17:51:29.6995635 500 : [{"timestamp":"2022-04-29T23:51:29.697+00:00","status":500,"error":"Internal Server Error","message":"No message available","path":"/transfer/requests/pending"}]
2022-04-29T17:51:37.2456091 500 : [{"timestamp":"2022-04-29T23:51:37.243+00:00","status":500,"error":"Internal Server Error","message":"No message available","path":"/transfer/requests/pending"}]
2022-04-29T17:54:20.9413638 500 : [{"timestamp":"2022-04-29T23:54:20.905+00:00","status":500,"error":"Internal Server Error","message":"No message available","path":"/transfer/requests/pending"}]
2022-04-29T17:56:26.5869009 500 : [{"timestamp":"2022-04-29T23:56:26.544+00:00","status":500,"error":"Internal Server Error","message":"No message available","path":"/transfer/requests/pending"}]
2022-04-29T17:57:08.4409911 404 : [{"timestamp":"2022-04-29T23:57:08.429+00:00","status":404,"error":"Not Found","message":"No message available","path":"/transfer/request/confirm/"}]
2022-04-29T17:57:36.3654566 404 : [{"timestamp":"2022-04-29T23:57:36.363+00:00","status":404,"error":"Not Found","message":"No message available","path":"/transfer/request/deny/3003"}]
2022-04-29T18:00:11.9523394 404 : [{"timestamp":"2022-04-30T00:00:11.935+00:00","status":404,"error":"Not Found","message":"No message available","path":"/transfer/request/confirm/"}]
2022-04-29T18:03:17.918709 404 : [{"timestamp":"2022-04-30T00:03:17.900+00:00","status":404,"error":"Not Found","message":"No message available","path":"/transfer/request/confirm/"}]
2022-04-29T18:05:06.5299762 404 : [{"timestamp":"2022-04-30T00:05:06.528+00:00","status":404,"error":"Not Found","message":"No message available","path":"/transfer/request/deny/3010"}]
2022-04-29T18:39:29.6805131 500 : [{"timestamp":"2022-04-30T00:39:29.644+00:00","status":500,"error":"Internal Server Error","message":"PreparedStatementCallback; bad SQL grammar [UPDATE transfer SET transfer_status = 2 WHERE transfer_id = ?;]; nested exception is org.postgresql.util.PSQLException: ERROR: column \"transfer_status\" of relation \"transfer\" does not exist\n  Position: 21","path":"/transfer/requests/confirm/"}]
2022-04-29T18:39:47.9423058 500 : [{"timestamp":"2022-04-30T00:39:47.940+00:00","status":500,"error":"Internal Server Error","message":"PreparedStatementCallback; bad SQL grammar [UPDATE transfer SET transfer_status = 3 WHERE transfer_id = ?;]; nested exception is org.postgresql.util.PSQLException: ERROR: column \"transfer_status\" of relation \"transfer\" does not exist\n  Position: 21","path":"/transfer/requests/deny/3010"}]
